<?xml version="1.0" encoding="UTF-8"?>
<!-- Generated by org.testng.reporters.JUnitXMLReporter -->
<testsuite hostname="Lap_RavindraK" ignored="15" name="Default test" tests="90" failures="0" timestamp="17 Oct 2018 12:13:03 GMT" time="244.356" errors="0">
  <testcase name="accessWebsite" time="7.351" classname="mvnproject.Testinglf"/>
  <testcase name="facebookLogin" time="16.457" classname="mvnproject.Testinglf"/>
  <testcase name="clickprofilelink" time="2.298" classname="mvnproject.Testinglf"/>
  <testcase name="homeFreshPics" time="3.704" classname="mvnproject.Testinglf"/>
  <testcase name="homeRecipeOftheDay" time="0.843" classname="mvnproject.Testinglf"/>
  <testcase name="homeOurChefs" time="0.124" classname="mvnproject.Testinglf"/>
  <testcase name="homeTrendingOnLf" time="2.183" classname="mvnproject.Testinglf"/>
  <testcase name="homeAllShows" time="0.074" classname="mvnproject.Testinglf"/>
  <testcase name="recipeLanding1" time="2.355" classname="mvnproject.Testinglf"/>
  <testcase name="recipeRecipeOftheDay" time="0.148" classname="mvnproject.Testinglf"/>
  <testcase name="recipeOurChef" time="0.114" classname="mvnproject.Testinglf"/>
  <testcase name="recipeCusineType" time="0.504" classname="mvnproject.Testinglf"/>
  <testcase name="recipeDetail" time="12.925" classname="mvnproject.Testinglf"/>
  <testcase name="recipeDetailComments" time="0.036" classname="mvnproject.Testinglf"/>
  <testcase name="showLanding1" time="3.539" classname="mvnproject.Testinglf"/>
  <testcase name="showOnLf" time="0.118" classname="mvnproject.Testinglf"/>
  <testcase name="showOurHosts" time="0.069" classname="mvnproject.Testinglf"/>
  <testcase name="showTrendingOnLF" time="0.064" classname="mvnproject.Testinglf"/>
  <testcase name="peopleLanding" time="2.368" classname="mvnproject.Testinglf"/>
  <testcase name="peopleChefHost" time="0.355" classname="mvnproject.Testinglf"/>
  <testcase name="peopleScoops" time="1.106" classname="mvnproject.Testinglf"/>
  <testcase name="ChefProfile" time="5.969" classname="mvnproject.Testinglf"/>
  <testcase name="ChefProfileRecipeByChef" time="0.172" classname="mvnproject.Testinglf"/>
  <testcase name="ChefProfileFBComments" time="0.005" classname="mvnproject.Testinglf"/>
  <testcase name="chefProfileOurChefs" time="0.101" classname="mvnproject.Testinglf"/>
  <testcase name="storyLanding" time="4.954" classname="mvnproject.Testinglf"/>
  <testcase name="storyDishup" time="0.078" classname="mvnproject.Testinglf"/>
  <testcase name="storyPopCulture" time="0.068" classname="mvnproject.Testinglf"/>
  <testcase name="storyPlaces" time="1.589" classname="mvnproject.Testinglf"/>
  <testcase name="storyEntertainment" time="1.254" classname="mvnproject.Testinglf"/>
  <testcase name="storyFoodplusplus" time="1.2" classname="mvnproject.Testinglf"/>
  <testcase name="storyHealth" time="1.245" classname="mvnproject.Testinglf"/>
  <testcase name="reviewLanding" time="4.051" classname="mvnproject.Testinglf"/>
  <testcase name="reviewMumbai" time="1.132" classname="mvnproject.Testinglf"/>
  <testcase name="reviewDelhi" time="1.018" classname="mvnproject.Testinglf"/>
  <testcase name="reviewBangalore" time="1.028" classname="mvnproject.Testinglf"/>
  <testcase name="reviewPune" time="1.026" classname="mvnproject.Testinglf"/>
  <testcase name="reviewOther" time="0.848" classname="mvnproject.Testinglf"/>
  <testcase name="howTo" time="2.108" classname="mvnproject.Testinglf"/>
  <testcase name="howToKitchenHacks" time="0.644" classname="mvnproject.Testinglf"/>
  <testcase name="howToTipsandTricks" time="0.138" classname="mvnproject.Testinglf"/>
  <testcase name="showDetails" time="4.491" classname="mvnproject.Testinglf"/>
  <testcase name="showdetailTitle" time="0.383" classname="mvnproject.Testinglf"/>
  <testcase name="showdetailDescription" time="0.12" classname="mvnproject.Testinglf"/>
  <testcase name="showdetailComments" time="0.008" classname="mvnproject.Testinglf"/>
  <testcase name="showdetailAboutHost" time="0.092" classname="mvnproject.Testinglf"/>
  <testcase name="showdetailArticleAboutShow" time="0.099" classname="mvnproject.Testinglf"/>
  <testcase name="showdetailOurHosts" time="2.039" classname="mvnproject.Testinglf"/>
  <testcase name="showdetail_All_Shows" time="0.058" classname="mvnproject.Testinglf"/>
  <testcase name="storyDetail" time="2.852" classname="mvnproject.Testinglf"/>
  <testcase name="storyDetailTitle" time="1.951" classname="mvnproject.Testinglf"/>
  <testcase name="storyDetailRelatedStories" time="1.077" classname="mvnproject.Testinglf"/>
  <testcase name="storyDetailsComments" time="0.005" classname="mvnproject.Testinglf"/>
  <testcase name="search" time="6.568" classname="mvnproject.Testinglf"/>
  <testcase name="BackfromStoryDetail" time="8.867" classname="mvnproject.Testinglf"/>
  <testcase name="homeCarousel" time="5.588" classname="mvnproject.Testinglf"/>
  <testcase name="recipeCarousel" time="7.176" classname="mvnproject.Testinglf"/>
  <testcase name="showCarousel" time="4.226" classname="mvnproject.Testinglf"/>
  <testcase name="peopleCarousel" time="4.015" classname="mvnproject.Testinglf"/>
  <testcase name="storyCarousel" time="5.191" classname="mvnproject.Testinglf"/>
  <testcase name="reviewCarousel" time="4.439" classname="mvnproject.Testinglf"/>
  <testcase name="howToCarousel" time="3.633" classname="mvnproject.Testinglf"/>
  <testcase name="recipeSublinksRecipeOfTheDay" time="4.981" classname="mvnproject.Testinglf"/>
  <testcase name="recirecipeSublinksCusineType" time="2.301" classname="mvnproject.Testinglf"/>
  <testcase name="recirecipeSublinksOurChef" time="2.028" classname="mvnproject.Testinglf"/>
  <testcase name="showSubLinkShowOnLF" time="5.48" classname="mvnproject.Testinglf"/>
  <testcase name="showSubLinkChefHost" time="1.919" classname="mvnproject.Testinglf"/>
  <testcase name="PeopleSubLinkChefandHost" time="5.425" classname="mvnproject.Testinglf"/>
  <testcase name="PeopleSubLinkScoop" time="2.8" classname="mvnproject.Testinglf"/>
  <testcase name="StorySublinkDishUp" time="8.099" classname="mvnproject.Testinglf"/>
  <testcase name="StorySublinkPopCulture" time="2.116" classname="mvnproject.Testinglf"/>
  <testcase name="StorySublinkPlace" time="3.406" classname="mvnproject.Testinglf"/>
  <testcase name="StorySublinkEntertainment" time="2.849" classname="mvnproject.Testinglf"/>
  <testcase name="StorySublinkFood" time="0.951" classname="mvnproject.Testinglf"/>
  <testcase name="StorySublinkHealth" time="2.067" classname="mvnproject.Testinglf"/>
  <testcase name="reviewSubLinkMumbai" time="6.315" classname="mvnproject.Testinglf"/>
  <testcase name="reviewSubLinkDelhi" time="1.927" classname="mvnproject.Testinglf"/>
  <testcase name="reviewSubLinkBangalore" time="2.156" classname="mvnproject.Testinglf"/>
  <testcase name="reviewSubLinkPune" time="2.078" classname="mvnproject.Testinglf"/>
  <testcase name="reviewSubLinkOther" time="2.249" classname="mvnproject.Testinglf"/>
  <testcase name="HowToSubLinkKitchenHacks" time="4.611" classname="mvnproject.Testinglf"/>
  <testcase name="HowToSubLinkTipsTricks" time="4.136" classname="mvnproject.Testinglf"/>
  <testcase name="aboutLF" time="3.747" classname="mvnproject.Testinglf"/>
  <testcase name="termsOfUse" time="1.447" classname="mvnproject.Testinglf"/>
  <testcase name="stayConnectedTwitter" time="2.324" classname="mvnproject.Testinglf"/>
  <testcase name="stayConnectedInsta" time="5.177" classname="mvnproject.Testinglf"/>
  <testcase name="stayConnectedFacebook" time="6.412" classname="mvnproject.Testinglf"/>
  <testcase name="reTargetting" time="0.923" classname="mvnproject.Testinglf"/>
  <testcase name="faceBookCode" time="0.897" classname="mvnproject.Testinglf"/>
  <testcase name="crazyEgg" time="1.241" classname="mvnproject.Testinglf"/>
  <testcase name="recipeOnCardDecRedirection" time="0.0" classname="mvnproject.Testinglf">
    <ignored/>
  </testcase> <!-- recipeOnCardDecRedirection -->
  <testcase name="awardBuzz" time="0.0" classname="mvnproject.Testinglf">
    <ignored/>
  </testcase> <!-- awardBuzz -->
  <testcase name="recipeOnCardTagRedirection" time="0.0" classname="mvnproject.Testinglf">
    <ignored/>
  </testcase> <!-- recipeOnCardTagRedirection -->
  <testcase name="showSubLinkTrendingonLF" time="0.0" classname="mvnproject.Testinglf">
    <ignored/>
  </testcase> <!-- showSubLinkTrendingonLF -->
  <testcase name="awardsCategories" time="0.0" classname="mvnproject.Testinglf">
    <ignored/>
  </testcase> <!-- awardsCategories -->
  <testcase name="nextStory" time="0.0" classname="mvnproject.Testinglf">
    <ignored/>
  </testcase> <!-- nextStory -->
  <testcase name="recipeOnCardTitleRedirection" time="0.0" classname="mvnproject.Testinglf">
    <ignored/>
  </testcase> <!-- recipeOnCardTitleRedirection -->
  <testcase name="UCG" time="0.0" classname="mvnproject.Testinglf">
    <ignored/>
  </testcase> <!-- UCG -->
  <testcase name="awards2017Winners" time="0.0" classname="mvnproject.Testinglf">
    <ignored/>
  </testcase> <!-- awards2017Winners -->
  <testcase name="recipeOnCardChefRedirection" time="0.0" classname="mvnproject.Testinglf">
    <ignored/>
  </testcase> <!-- recipeOnCardChefRedirection -->
  <testcase name="awardsEnteratiner" time="0.0" classname="mvnproject.Testinglf">
    <ignored/>
  </testcase> <!-- awardsEnteratiner -->
  <testcase name="awardsFoodInsta" time="0.0" classname="mvnproject.Testinglf">
    <ignored/>
  </testcase> <!-- awardsFoodInsta -->
  <testcase name="awards" time="0.0" classname="mvnproject.Testinglf">
    <ignored/>
  </testcase> <!-- awards -->
  <testcase name="awardsTicketsbookinglink" time="0.0" classname="mvnproject.Testinglf">
    <ignored/>
  </testcase> <!-- awardsTicketsbookinglink -->
  <testcase name="awardsAbout" time="0.0" classname="mvnproject.Testinglf">
    <ignored/>
  </testcase> <!-- awardsAbout -->
</testsuite> <!-- Default test -->
