<?xml version="1.0" encoding="UTF-8"?>
<!-- Generated by org.testng.reporters.JUnitXMLReporter -->
<testsuite hostname="Lap_RavindraK" ignored="0" name="Default test" tests="9" failures="0" timestamp="15 Oct 2018 13:57:55 GMT" time="23.271" errors="0">
  <testcase name="accessWebsite" time="7.177" classname="mvnproject.Testinglf"/>
  <testcase name="showDetails" time="6.715" classname="mvnproject.Testinglf"/>
  <testcase name="showdetailTitle" time="0.075" classname="mvnproject.Testinglf"/>
  <testcase name="showdetailDescription" time="0.134" classname="mvnproject.Testinglf"/>
  <testcase name="showdetailComments" time="0.013" classname="mvnproject.Testinglf"/>
  <testcase name="showdetailAboutHost" time="0.087" classname="mvnproject.Testinglf"/>
  <testcase name="showdetailArticleAboutShow" time="0.071" classname="mvnproject.Testinglf"/>
  <testcase name="showdetailOurHosts" time="2.039" classname="mvnproject.Testinglf"/>
  <testcase name="showdetail_All_Shows" time="0.056" classname="mvnproject.Testinglf"/>
</testsuite> <!-- Default test -->
