<?xml version="1.0" encoding="UTF-8"?>
<testng-results skipped="0" failed="0" ignored="15" total="105" passed="90">
  <reporter-output>
  </reporter-output>
  <suite name="Default suite" duration-ms="282136" started-at="2018-10-25T11:03:14Z" finished-at="2018-10-25T11:07:56Z">
    <groups>
    </groups>
    <test name="Default test" duration-ms="282136" started-at="2018-10-25T11:03:14Z" finished-at="2018-10-25T11:07:56Z">
      <class name="mvnproject.Testinglf">
        <test-method status="PASS" signature="setup()[pri:0, instance:mvnproject.Testinglf@68be2bc2]" name="setup" is-config="true" duration-ms="7456" started-at="2018-10-25T16:33:14Z" finished-at="2018-10-25T16:33:22Z">
          <reporter-output>
          </reporter-output>
        </test-method> <!-- setup -->
        <test-method status="PASS" signature="accessWebsite()[pri:1, instance:mvnproject.Testinglf@68be2bc2]" name="accessWebsite" duration-ms="5358" started-at="2018-10-25T16:33:22Z" finished-at="2018-10-25T16:33:27Z">
          <reporter-output>
          </reporter-output>
        </test-method> <!-- accessWebsite -->
        <test-method status="PASS" signature="facebookLogin()[pri:2, instance:mvnproject.Testinglf@68be2bc2]" name="facebookLogin" duration-ms="14064" started-at="2018-10-25T16:33:27Z" finished-at="2018-10-25T16:33:41Z">
          <reporter-output>
          </reporter-output>
        </test-method> <!-- facebookLogin -->
        <test-method status="PASS" signature="clickprofilelink()[pri:3, instance:mvnproject.Testinglf@68be2bc2]" name="clickprofilelink" duration-ms="6602" started-at="2018-10-25T16:33:41Z" finished-at="2018-10-25T16:33:48Z">
          <reporter-output>
          </reporter-output>
        </test-method> <!-- clickprofilelink -->
        <test-method status="PASS" signature="homeFreshPics()[pri:4, instance:mvnproject.Testinglf@68be2bc2]" name="homeFreshPics" duration-ms="4440" started-at="2018-10-25T16:33:48Z" finished-at="2018-10-25T16:33:52Z">
          <reporter-output>
          </reporter-output>
        </test-method> <!-- homeFreshPics -->
        <test-method status="PASS" signature="homeRecipeOftheDay()[pri:5, instance:mvnproject.Testinglf@68be2bc2]" name="homeRecipeOftheDay" duration-ms="1001" started-at="2018-10-25T16:33:52Z" finished-at="2018-10-25T16:33:53Z">
          <reporter-output>
          </reporter-output>
        </test-method> <!-- homeRecipeOftheDay -->
        <test-method status="PASS" signature="homeOurChefs()[pri:6, instance:mvnproject.Testinglf@68be2bc2]" name="homeOurChefs" duration-ms="171" started-at="2018-10-25T16:33:53Z" finished-at="2018-10-25T16:33:53Z">
          <reporter-output>
          </reporter-output>
        </test-method> <!-- homeOurChefs -->
        <test-method status="PASS" signature="homeTrendingOnLf()[pri:7, instance:mvnproject.Testinglf@68be2bc2]" name="homeTrendingOnLf" duration-ms="2089" started-at="2018-10-25T16:33:53Z" finished-at="2018-10-25T16:33:56Z">
          <reporter-output>
          </reporter-output>
        </test-method> <!-- homeTrendingOnLf -->
        <test-method status="PASS" signature="homeAllShows()[pri:8, instance:mvnproject.Testinglf@68be2bc2]" name="homeAllShows" duration-ms="102" started-at="2018-10-25T16:33:56Z" finished-at="2018-10-25T16:33:56Z">
          <reporter-output>
          </reporter-output>
        </test-method> <!-- homeAllShows -->
        <test-method status="PASS" signature="recipeLanding1()[pri:9, instance:mvnproject.Testinglf@68be2bc2]" name="recipeLanding1" duration-ms="5590" started-at="2018-10-25T16:33:56Z" finished-at="2018-10-25T16:34:01Z">
          <reporter-output>
          </reporter-output>
        </test-method> <!-- recipeLanding1 -->
        <test-method status="PASS" signature="recipeRecipeOftheDay()[pri:10, instance:mvnproject.Testinglf@68be2bc2]" name="recipeRecipeOftheDay" duration-ms="728" started-at="2018-10-25T16:34:01Z" finished-at="2018-10-25T16:34:02Z">
          <reporter-output>
          </reporter-output>
        </test-method> <!-- recipeRecipeOftheDay -->
        <test-method status="PASS" signature="recipeOurChef()[pri:11, instance:mvnproject.Testinglf@68be2bc2]" name="recipeOurChef" duration-ms="137" started-at="2018-10-25T16:34:02Z" finished-at="2018-10-25T16:34:02Z">
          <reporter-output>
          </reporter-output>
        </test-method> <!-- recipeOurChef -->
        <test-method status="PASS" signature="recipeCusineType()[pri:12, instance:mvnproject.Testinglf@68be2bc2]" name="recipeCusineType" duration-ms="915" started-at="2018-10-25T16:34:02Z" finished-at="2018-10-25T16:34:03Z">
          <reporter-output>
          </reporter-output>
        </test-method> <!-- recipeCusineType -->
        <test-method status="PASS" signature="recipeDetail()[pri:13, instance:mvnproject.Testinglf@68be2bc2]" name="recipeDetail" duration-ms="15057" started-at="2018-10-25T16:34:03Z" finished-at="2018-10-25T16:34:18Z">
          <reporter-output>
          </reporter-output>
        </test-method> <!-- recipeDetail -->
        <test-method status="PASS" signature="recipeDetailComments()[pri:14, instance:mvnproject.Testinglf@68be2bc2]" name="recipeDetailComments" duration-ms="226" started-at="2018-10-25T16:34:18Z" finished-at="2018-10-25T16:34:18Z">
          <reporter-output>
          </reporter-output>
        </test-method> <!-- recipeDetailComments -->
        <test-method status="PASS" signature="showLanding1()[pri:15, instance:mvnproject.Testinglf@68be2bc2]" name="showLanding1" duration-ms="4569" started-at="2018-10-25T16:34:18Z" finished-at="2018-10-25T16:34:23Z">
          <reporter-output>
          </reporter-output>
        </test-method> <!-- showLanding1 -->
        <test-method status="PASS" signature="showOnLf()[pri:16, instance:mvnproject.Testinglf@68be2bc2]" name="showOnLf" duration-ms="135" started-at="2018-10-25T16:34:23Z" finished-at="2018-10-25T16:34:23Z">
          <reporter-output>
          </reporter-output>
        </test-method> <!-- showOnLf -->
        <test-method status="PASS" signature="showOurHosts()[pri:17, instance:mvnproject.Testinglf@68be2bc2]" name="showOurHosts" duration-ms="71" started-at="2018-10-25T16:34:23Z" finished-at="2018-10-25T16:34:23Z">
          <reporter-output>
          </reporter-output>
        </test-method> <!-- showOurHosts -->
        <test-method status="PASS" signature="showTrendingOnLF()[pri:18, instance:mvnproject.Testinglf@68be2bc2]" name="showTrendingOnLF" duration-ms="93" started-at="2018-10-25T16:34:23Z" finished-at="2018-10-25T16:34:23Z">
          <reporter-output>
          </reporter-output>
        </test-method> <!-- showTrendingOnLF -->
        <test-method status="PASS" signature="peopleLanding()[pri:19, instance:mvnproject.Testinglf@68be2bc2]" name="peopleLanding" duration-ms="2858" started-at="2018-10-25T16:34:23Z" finished-at="2018-10-25T16:34:26Z">
          <reporter-output>
          </reporter-output>
        </test-method> <!-- peopleLanding -->
        <test-method status="PASS" signature="peopleChefHost()[pri:20, instance:mvnproject.Testinglf@68be2bc2]" name="peopleChefHost" duration-ms="541" started-at="2018-10-25T16:34:26Z" finished-at="2018-10-25T16:34:27Z">
          <reporter-output>
          </reporter-output>
        </test-method> <!-- peopleChefHost -->
        <test-method status="PASS" signature="peopleScoops()[pri:21, instance:mvnproject.Testinglf@68be2bc2]" name="peopleScoops" duration-ms="1184" started-at="2018-10-25T16:34:27Z" finished-at="2018-10-25T16:34:28Z">
          <reporter-output>
          </reporter-output>
        </test-method> <!-- peopleScoops -->
        <test-method status="PASS" signature="ChefProfile()[pri:22, instance:mvnproject.Testinglf@68be2bc2]" name="ChefProfile" duration-ms="11153" started-at="2018-10-25T16:34:28Z" finished-at="2018-10-25T16:34:39Z">
          <reporter-output>
          </reporter-output>
        </test-method> <!-- ChefProfile -->
        <test-method status="PASS" signature="ChefProfileRecipeByChef()[pri:23, instance:mvnproject.Testinglf@68be2bc2]" name="ChefProfileRecipeByChef" duration-ms="199" started-at="2018-10-25T16:34:39Z" finished-at="2018-10-25T16:34:39Z">
          <reporter-output>
          </reporter-output>
        </test-method> <!-- ChefProfileRecipeByChef -->
        <test-method status="PASS" signature="ChefProfileFBComments()[pri:24, instance:mvnproject.Testinglf@68be2bc2]" name="ChefProfileFBComments" duration-ms="30" started-at="2018-10-25T16:34:39Z" finished-at="2018-10-25T16:34:39Z">
          <reporter-output>
          </reporter-output>
        </test-method> <!-- ChefProfileFBComments -->
        <test-method status="PASS" signature="chefProfileOurChefs()[pri:26, instance:mvnproject.Testinglf@68be2bc2]" name="chefProfileOurChefs" duration-ms="81" started-at="2018-10-25T16:34:39Z" finished-at="2018-10-25T16:34:39Z">
          <reporter-output>
          </reporter-output>
        </test-method> <!-- chefProfileOurChefs -->
        <test-method status="PASS" signature="storyLanding()[pri:27, instance:mvnproject.Testinglf@68be2bc2]" name="storyLanding" duration-ms="4798" started-at="2018-10-25T16:34:39Z" finished-at="2018-10-25T16:34:44Z">
          <reporter-output>
          </reporter-output>
        </test-method> <!-- storyLanding -->
        <test-method status="PASS" signature="storyDishup()[pri:28, instance:mvnproject.Testinglf@68be2bc2]" name="storyDishup" duration-ms="351" started-at="2018-10-25T16:34:44Z" finished-at="2018-10-25T16:34:44Z">
          <reporter-output>
          </reporter-output>
        </test-method> <!-- storyDishup -->
        <test-method status="PASS" signature="storyPopCulture()[pri:29, instance:mvnproject.Testinglf@68be2bc2]" name="storyPopCulture" duration-ms="88" started-at="2018-10-25T16:34:44Z" finished-at="2018-10-25T16:34:45Z">
          <reporter-output>
          </reporter-output>
        </test-method> <!-- storyPopCulture -->
        <test-method status="PASS" signature="storyPlaces()[pri:30, instance:mvnproject.Testinglf@68be2bc2]" name="storyPlaces" duration-ms="2085" started-at="2018-10-25T16:34:45Z" finished-at="2018-10-25T16:34:47Z">
          <reporter-output>
          </reporter-output>
        </test-method> <!-- storyPlaces -->
        <test-method status="PASS" signature="storyEntertainment()[pri:31, instance:mvnproject.Testinglf@68be2bc2]" name="storyEntertainment" duration-ms="1466" started-at="2018-10-25T16:34:47Z" finished-at="2018-10-25T16:34:48Z">
          <reporter-output>
          </reporter-output>
        </test-method> <!-- storyEntertainment -->
        <test-method status="PASS" signature="storyFoodplusplus()[pri:32, instance:mvnproject.Testinglf@68be2bc2]" name="storyFoodplusplus" duration-ms="1246" started-at="2018-10-25T16:34:48Z" finished-at="2018-10-25T16:34:49Z">
          <reporter-output>
          </reporter-output>
        </test-method> <!-- storyFoodplusplus -->
        <test-method status="PASS" signature="storyHealth()[pri:33, instance:mvnproject.Testinglf@68be2bc2]" name="storyHealth" duration-ms="1349" started-at="2018-10-25T16:34:49Z" finished-at="2018-10-25T16:34:51Z">
          <reporter-output>
          </reporter-output>
        </test-method> <!-- storyHealth -->
        <test-method status="PASS" signature="reviewLanding()[pri:34, instance:mvnproject.Testinglf@68be2bc2]" name="reviewLanding" duration-ms="6311" started-at="2018-10-25T16:34:51Z" finished-at="2018-10-25T16:34:57Z">
          <reporter-output>
          </reporter-output>
        </test-method> <!-- reviewLanding -->
        <test-method status="PASS" signature="reviewMumbai()[pri:35, instance:mvnproject.Testinglf@68be2bc2]" name="reviewMumbai" duration-ms="1371" started-at="2018-10-25T16:34:57Z" finished-at="2018-10-25T16:34:58Z">
          <reporter-output>
          </reporter-output>
        </test-method> <!-- reviewMumbai -->
        <test-method status="PASS" signature="reviewDelhi()[pri:36, instance:mvnproject.Testinglf@68be2bc2]" name="reviewDelhi" duration-ms="1151" started-at="2018-10-25T16:34:58Z" finished-at="2018-10-25T16:34:59Z">
          <reporter-output>
          </reporter-output>
        </test-method> <!-- reviewDelhi -->
        <test-method status="PASS" signature="reviewBangalore()[pri:37, instance:mvnproject.Testinglf@68be2bc2]" name="reviewBangalore" duration-ms="1239" started-at="2018-10-25T16:34:59Z" finished-at="2018-10-25T16:35:01Z">
          <reporter-output>
          </reporter-output>
        </test-method> <!-- reviewBangalore -->
        <test-method status="PASS" signature="reviewPune()[pri:38, instance:mvnproject.Testinglf@68be2bc2]" name="reviewPune" duration-ms="1199" started-at="2018-10-25T16:35:01Z" finished-at="2018-10-25T16:35:02Z">
          <reporter-output>
          </reporter-output>
        </test-method> <!-- reviewPune -->
        <test-method status="PASS" signature="reviewOther()[pri:39, instance:mvnproject.Testinglf@68be2bc2]" name="reviewOther" duration-ms="1158" started-at="2018-10-25T16:35:02Z" finished-at="2018-10-25T16:35:03Z">
          <reporter-output>
          </reporter-output>
        </test-method> <!-- reviewOther -->
        <test-method status="PASS" signature="howTo()[pri:40, instance:mvnproject.Testinglf@68be2bc2]" name="howTo" duration-ms="2300" started-at="2018-10-25T16:35:03Z" finished-at="2018-10-25T16:35:05Z">
          <reporter-output>
          </reporter-output>
        </test-method> <!-- howTo -->
        <test-method status="PASS" signature="howToKitchenHacks()[pri:41, instance:mvnproject.Testinglf@68be2bc2]" name="howToKitchenHacks" duration-ms="1073" started-at="2018-10-25T16:35:05Z" finished-at="2018-10-25T16:35:06Z">
          <reporter-output>
          </reporter-output>
        </test-method> <!-- howToKitchenHacks -->
        <test-method status="PASS" signature="howToTipsandTricks()[pri:42, instance:mvnproject.Testinglf@68be2bc2]" name="howToTipsandTricks" duration-ms="312" started-at="2018-10-25T16:35:06Z" finished-at="2018-10-25T16:35:07Z">
          <reporter-output>
          </reporter-output>
        </test-method> <!-- howToTipsandTricks -->
        <test-method status="PASS" signature="showDetails()[pri:49, instance:mvnproject.Testinglf@68be2bc2]" name="showDetails" duration-ms="5831" started-at="2018-10-25T16:35:07Z" finished-at="2018-10-25T16:35:13Z">
          <reporter-output>
          </reporter-output>
        </test-method> <!-- showDetails -->
        <test-method status="PASS" signature="showdetailTitle()[pri:50, instance:mvnproject.Testinglf@68be2bc2]" name="showdetailTitle" duration-ms="337" started-at="2018-10-25T16:35:13Z" finished-at="2018-10-25T16:35:13Z">
          <reporter-output>
          </reporter-output>
        </test-method> <!-- showdetailTitle -->
        <test-method status="PASS" signature="showdetailDescription()[pri:51, instance:mvnproject.Testinglf@68be2bc2]" name="showdetailDescription" duration-ms="120" started-at="2018-10-25T16:35:13Z" finished-at="2018-10-25T16:35:13Z">
          <reporter-output>
          </reporter-output>
        </test-method> <!-- showdetailDescription -->
        <test-method status="PASS" signature="showdetailComments()[pri:52, instance:mvnproject.Testinglf@68be2bc2]" name="showdetailComments" duration-ms="6" started-at="2018-10-25T16:35:13Z" finished-at="2018-10-25T16:35:13Z">
          <reporter-output>
          </reporter-output>
        </test-method> <!-- showdetailComments -->
        <test-method status="PASS" signature="showdetailAboutHost()[pri:53, instance:mvnproject.Testinglf@68be2bc2]" name="showdetailAboutHost" duration-ms="73" started-at="2018-10-25T16:35:13Z" finished-at="2018-10-25T16:35:13Z">
          <reporter-output>
          </reporter-output>
        </test-method> <!-- showdetailAboutHost -->
        <test-method status="PASS" signature="showdetailArticleAboutShow()[pri:54, instance:mvnproject.Testinglf@68be2bc2]" name="showdetailArticleAboutShow" duration-ms="88" started-at="2018-10-25T16:35:13Z" finished-at="2018-10-25T16:35:13Z">
          <reporter-output>
          </reporter-output>
        </test-method> <!-- showdetailArticleAboutShow -->
        <test-method status="PASS" signature="showdetailOurHosts()[pri:55, instance:mvnproject.Testinglf@68be2bc2]" name="showdetailOurHosts" duration-ms="2076" started-at="2018-10-25T16:35:13Z" finished-at="2018-10-25T16:35:15Z">
          <reporter-output>
          </reporter-output>
        </test-method> <!-- showdetailOurHosts -->
        <test-method status="PASS" signature="showdetail_All_Shows()[pri:56, instance:mvnproject.Testinglf@68be2bc2]" name="showdetail_All_Shows" duration-ms="80" started-at="2018-10-25T16:35:15Z" finished-at="2018-10-25T16:35:15Z">
          <reporter-output>
          </reporter-output>
        </test-method> <!-- showdetail_All_Shows -->
        <test-method status="PASS" signature="storyDetail()[pri:58, instance:mvnproject.Testinglf@68be2bc2]" name="storyDetail" duration-ms="2933" started-at="2018-10-25T16:35:15Z" finished-at="2018-10-25T16:35:18Z">
          <reporter-output>
          </reporter-output>
        </test-method> <!-- storyDetail -->
        <test-method status="PASS" signature="storyDetailTitle()[pri:59, instance:mvnproject.Testinglf@68be2bc2]" name="storyDetailTitle" duration-ms="1757" started-at="2018-10-25T16:35:18Z" finished-at="2018-10-25T16:35:20Z">
          <reporter-output>
          </reporter-output>
        </test-method> <!-- storyDetailTitle -->
        <test-method status="PASS" signature="storyDetailRelatedStories()[pri:60, instance:mvnproject.Testinglf@68be2bc2]" name="storyDetailRelatedStories" duration-ms="1069" started-at="2018-10-25T16:35:20Z" finished-at="2018-10-25T16:35:21Z">
          <reporter-output>
          </reporter-output>
        </test-method> <!-- storyDetailRelatedStories -->
        <test-method status="PASS" signature="storyDetailsComments()[pri:65, instance:mvnproject.Testinglf@68be2bc2]" name="storyDetailsComments" duration-ms="6" started-at="2018-10-25T16:35:21Z" finished-at="2018-10-25T16:35:21Z">
          <reporter-output>
          </reporter-output>
        </test-method> <!-- storyDetailsComments -->
        <test-method status="PASS" signature="search()[pri:69, instance:mvnproject.Testinglf@68be2bc2]" name="search" duration-ms="4555" started-at="2018-10-25T16:35:21Z" finished-at="2018-10-25T16:35:26Z">
          <reporter-output>
          </reporter-output>
        </test-method> <!-- search -->
        <test-method status="PASS" signature="BackfromStoryDetail()[pri:70, instance:mvnproject.Testinglf@68be2bc2]" name="BackfromStoryDetail" duration-ms="10431" started-at="2018-10-25T16:35:26Z" finished-at="2018-10-25T16:35:36Z">
          <reporter-output>
          </reporter-output>
        </test-method> <!-- BackfromStoryDetail -->
        <test-method status="PASS" signature="homeCarousel()[pri:71, instance:mvnproject.Testinglf@68be2bc2]" name="homeCarousel" duration-ms="7164" started-at="2018-10-25T16:35:36Z" finished-at="2018-10-25T16:35:43Z">
          <reporter-output>
          </reporter-output>
        </test-method> <!-- homeCarousel -->
        <test-method status="PASS" signature="recipeCarousel()[pri:72, instance:mvnproject.Testinglf@68be2bc2]" name="recipeCarousel" duration-ms="8160" started-at="2018-10-25T16:35:43Z" finished-at="2018-10-25T16:35:51Z">
          <reporter-output>
          </reporter-output>
        </test-method> <!-- recipeCarousel -->
        <test-method status="PASS" signature="showCarousel()[pri:73, instance:mvnproject.Testinglf@68be2bc2]" name="showCarousel" duration-ms="5400" started-at="2018-10-25T16:35:51Z" finished-at="2018-10-25T16:35:57Z">
          <reporter-output>
          </reporter-output>
        </test-method> <!-- showCarousel -->
        <test-method status="PASS" signature="peopleCarousel()[pri:74, instance:mvnproject.Testinglf@68be2bc2]" name="peopleCarousel" duration-ms="3897" started-at="2018-10-25T16:35:57Z" finished-at="2018-10-25T16:36:01Z">
          <reporter-output>
          </reporter-output>
        </test-method> <!-- peopleCarousel -->
        <test-method status="PASS" signature="storyCarousel()[pri:75, instance:mvnproject.Testinglf@68be2bc2]" name="storyCarousel" duration-ms="6071" started-at="2018-10-25T16:36:01Z" finished-at="2018-10-25T16:36:07Z">
          <reporter-output>
          </reporter-output>
        </test-method> <!-- storyCarousel -->
        <test-method status="PASS" signature="reviewCarousel()[pri:76, instance:mvnproject.Testinglf@68be2bc2]" name="reviewCarousel" duration-ms="5305" started-at="2018-10-25T16:36:07Z" finished-at="2018-10-25T16:36:12Z">
          <reporter-output>
          </reporter-output>
        </test-method> <!-- reviewCarousel -->
        <test-method status="PASS" signature="howToCarousel()[pri:77, instance:mvnproject.Testinglf@68be2bc2]" name="howToCarousel" duration-ms="3916" started-at="2018-10-25T16:36:12Z" finished-at="2018-10-25T16:36:16Z">
          <reporter-output>
          </reporter-output>
        </test-method> <!-- howToCarousel -->
        <test-method status="PASS" signature="recipeSublinksRecipeOfTheDay()[pri:82, instance:mvnproject.Testinglf@68be2bc2]" name="recipeSublinksRecipeOfTheDay" duration-ms="6622" started-at="2018-10-25T16:36:16Z" finished-at="2018-10-25T16:36:23Z">
          <reporter-output>
          </reporter-output>
        </test-method> <!-- recipeSublinksRecipeOfTheDay -->
        <test-method status="PASS" signature="recirecipeSublinksCusineType()[pri:83, instance:mvnproject.Testinglf@68be2bc2]" name="recirecipeSublinksCusineType" duration-ms="3283" started-at="2018-10-25T16:36:23Z" finished-at="2018-10-25T16:36:26Z">
          <reporter-output>
          </reporter-output>
        </test-method> <!-- recirecipeSublinksCusineType -->
        <test-method status="PASS" signature="recirecipeSublinksOurChef()[pri:84, instance:mvnproject.Testinglf@68be2bc2]" name="recirecipeSublinksOurChef" duration-ms="2095" started-at="2018-10-25T16:36:26Z" finished-at="2018-10-25T16:36:28Z">
          <reporter-output>
          </reporter-output>
        </test-method> <!-- recirecipeSublinksOurChef -->
        <test-method status="PASS" signature="showSubLinkShowOnLF()[pri:85, instance:mvnproject.Testinglf@68be2bc2]" name="showSubLinkShowOnLF" duration-ms="9050" started-at="2018-10-25T16:36:28Z" finished-at="2018-10-25T16:36:37Z">
          <reporter-output>
          </reporter-output>
        </test-method> <!-- showSubLinkShowOnLF -->
        <test-method status="PASS" signature="showSubLinkChefHost()[pri:86, instance:mvnproject.Testinglf@68be2bc2]" name="showSubLinkChefHost" duration-ms="3026" started-at="2018-10-25T16:36:37Z" finished-at="2018-10-25T16:36:40Z">
          <reporter-output>
          </reporter-output>
        </test-method> <!-- showSubLinkChefHost -->
        <test-method status="PASS" signature="PeopleSubLinkChefandHost()[pri:88, instance:mvnproject.Testinglf@68be2bc2]" name="PeopleSubLinkChefandHost" duration-ms="6226" started-at="2018-10-25T16:36:40Z" finished-at="2018-10-25T16:36:46Z">
          <reporter-output>
          </reporter-output>
        </test-method> <!-- PeopleSubLinkChefandHost -->
        <test-method status="PASS" signature="PeopleSubLinkScoop()[pri:89, instance:mvnproject.Testinglf@68be2bc2]" name="PeopleSubLinkScoop" duration-ms="2650" started-at="2018-10-25T16:36:46Z" finished-at="2018-10-25T16:36:49Z">
          <reporter-output>
          </reporter-output>
        </test-method> <!-- PeopleSubLinkScoop -->
        <test-method status="PASS" signature="StorySublinkDishUp()[pri:90, instance:mvnproject.Testinglf@68be2bc2]" name="StorySublinkDishUp" duration-ms="6747" started-at="2018-10-25T16:36:49Z" finished-at="2018-10-25T16:36:56Z">
          <reporter-output>
          </reporter-output>
        </test-method> <!-- StorySublinkDishUp -->
        <test-method status="PASS" signature="StorySublinkPopCulture()[pri:91, instance:mvnproject.Testinglf@68be2bc2]" name="StorySublinkPopCulture" duration-ms="3099" started-at="2018-10-25T16:36:56Z" finished-at="2018-10-25T16:36:59Z">
          <reporter-output>
          </reporter-output>
        </test-method> <!-- StorySublinkPopCulture -->
        <test-method status="PASS" signature="StorySublinkPlace()[pri:92, instance:mvnproject.Testinglf@68be2bc2]" name="StorySublinkPlace" duration-ms="2519" started-at="2018-10-25T16:36:59Z" finished-at="2018-10-25T16:37:01Z">
          <reporter-output>
          </reporter-output>
        </test-method> <!-- StorySublinkPlace -->
        <test-method status="PASS" signature="StorySublinkEntertainment()[pri:93, instance:mvnproject.Testinglf@68be2bc2]" name="StorySublinkEntertainment" duration-ms="2762" started-at="2018-10-25T16:37:01Z" finished-at="2018-10-25T16:37:04Z">
          <reporter-output>
          </reporter-output>
        </test-method> <!-- StorySublinkEntertainment -->
        <test-method status="PASS" signature="StorySublinkFood()[pri:94, instance:mvnproject.Testinglf@68be2bc2]" name="StorySublinkFood" duration-ms="1760" started-at="2018-10-25T16:37:04Z" finished-at="2018-10-25T16:37:06Z">
          <reporter-output>
          </reporter-output>
        </test-method> <!-- StorySublinkFood -->
        <test-method status="PASS" signature="StorySublinkHealth()[pri:95, instance:mvnproject.Testinglf@68be2bc2]" name="StorySublinkHealth" duration-ms="2375" started-at="2018-10-25T16:37:06Z" finished-at="2018-10-25T16:37:08Z">
          <reporter-output>
          </reporter-output>
        </test-method> <!-- StorySublinkHealth -->
        <test-method status="PASS" signature="reviewSubLinkMumbai()[pri:96, instance:mvnproject.Testinglf@68be2bc2]" name="reviewSubLinkMumbai" duration-ms="5078" started-at="2018-10-25T16:37:08Z" finished-at="2018-10-25T16:37:13Z">
          <reporter-output>
          </reporter-output>
        </test-method> <!-- reviewSubLinkMumbai -->
        <test-method status="PASS" signature="reviewSubLinkDelhi()[pri:97, instance:mvnproject.Testinglf@68be2bc2]" name="reviewSubLinkDelhi" duration-ms="2286" started-at="2018-10-25T16:37:13Z" finished-at="2018-10-25T16:37:16Z">
          <reporter-output>
          </reporter-output>
        </test-method> <!-- reviewSubLinkDelhi -->
        <test-method status="PASS" signature="reviewSubLinkBangalore()[pri:98, instance:mvnproject.Testinglf@68be2bc2]" name="reviewSubLinkBangalore" duration-ms="2304" started-at="2018-10-25T16:37:16Z" finished-at="2018-10-25T16:37:18Z">
          <reporter-output>
          </reporter-output>
        </test-method> <!-- reviewSubLinkBangalore -->
        <test-method status="PASS" signature="reviewSubLinkPune()[pri:99, instance:mvnproject.Testinglf@68be2bc2]" name="reviewSubLinkPune" duration-ms="3324" started-at="2018-10-25T16:37:18Z" finished-at="2018-10-25T16:37:21Z">
          <reporter-output>
          </reporter-output>
        </test-method> <!-- reviewSubLinkPune -->
        <test-method status="PASS" signature="reviewSubLinkOther()[pri:100, instance:mvnproject.Testinglf@68be2bc2]" name="reviewSubLinkOther" duration-ms="2185" started-at="2018-10-25T16:37:21Z" finished-at="2018-10-25T16:37:23Z">
          <reporter-output>
          </reporter-output>
        </test-method> <!-- reviewSubLinkOther -->
        <test-method status="PASS" signature="HowToSubLinkKitchenHacks()[pri:101, instance:mvnproject.Testinglf@68be2bc2]" name="HowToSubLinkKitchenHacks" duration-ms="3922" started-at="2018-10-25T16:37:23Z" finished-at="2018-10-25T16:37:27Z">
          <reporter-output>
          </reporter-output>
        </test-method> <!-- HowToSubLinkKitchenHacks -->
        <test-method status="PASS" signature="HowToSubLinkTipsTricks()[pri:102, instance:mvnproject.Testinglf@68be2bc2]" name="HowToSubLinkTipsTricks" duration-ms="4753" started-at="2018-10-25T16:37:27Z" finished-at="2018-10-25T16:37:32Z">
          <reporter-output>
          </reporter-output>
        </test-method> <!-- HowToSubLinkTipsTricks -->
        <test-method status="PASS" signature="aboutLF()[pri:103, instance:mvnproject.Testinglf@68be2bc2]" name="aboutLF" duration-ms="4982" started-at="2018-10-25T16:37:32Z" finished-at="2018-10-25T16:37:37Z">
          <reporter-output>
          </reporter-output>
        </test-method> <!-- aboutLF -->
        <test-method status="PASS" signature="termsOfUse()[pri:104, instance:mvnproject.Testinglf@68be2bc2]" name="termsOfUse" duration-ms="2275" started-at="2018-10-25T16:37:37Z" finished-at="2018-10-25T16:37:39Z">
          <reporter-output>
          </reporter-output>
        </test-method> <!-- termsOfUse -->
        <test-method status="PASS" signature="stayConnectedTwitter()[pri:105, instance:mvnproject.Testinglf@68be2bc2]" name="stayConnectedTwitter" duration-ms="2408" started-at="2018-10-25T16:37:39Z" finished-at="2018-10-25T16:37:42Z">
          <reporter-output>
          </reporter-output>
        </test-method> <!-- stayConnectedTwitter -->
        <test-method status="PASS" signature="stayConnectedInsta()[pri:106, instance:mvnproject.Testinglf@68be2bc2]" name="stayConnectedInsta" duration-ms="5022" started-at="2018-10-25T16:37:42Z" finished-at="2018-10-25T16:37:47Z">
          <reporter-output>
          </reporter-output>
        </test-method> <!-- stayConnectedInsta -->
        <test-method status="PASS" signature="stayConnectedFacebook()[pri:107, instance:mvnproject.Testinglf@68be2bc2]" name="stayConnectedFacebook" duration-ms="6562" started-at="2018-10-25T16:37:47Z" finished-at="2018-10-25T16:37:53Z">
          <reporter-output>
          </reporter-output>
        </test-method> <!-- stayConnectedFacebook -->
        <test-method status="PASS" signature="reTargetting()[pri:109, instance:mvnproject.Testinglf@68be2bc2]" name="reTargetting" duration-ms="2761" started-at="2018-10-25T16:37:53Z" finished-at="2018-10-25T16:37:56Z">
          <reporter-output>
          </reporter-output>
        </test-method> <!-- reTargetting -->
        <test-method status="PASS" signature="faceBookCode()[pri:110, instance:mvnproject.Testinglf@68be2bc2]" name="faceBookCode" duration-ms="126" started-at="2018-10-25T16:37:56Z" finished-at="2018-10-25T16:37:56Z">
          <reporter-output>
          </reporter-output>
        </test-method> <!-- faceBookCode -->
        <test-method status="PASS" signature="crazyEgg()[pri:111, instance:mvnproject.Testinglf@68be2bc2]" name="crazyEgg" duration-ms="53" started-at="2018-10-25T16:37:56Z" finished-at="2018-10-25T16:37:56Z">
          <reporter-output>
          </reporter-output>
        </test-method> <!-- crazyEgg -->
        <test-method status="PASS" signature="teardown()[pri:0, instance:mvnproject.Testinglf@68be2bc2]" name="teardown" is-config="true" duration-ms="71" started-at="2018-10-25T16:37:56Z" finished-at="2018-10-25T16:37:56Z">
          <reporter-output>
          </reporter-output>
        </test-method> <!-- teardown -->
      </class> <!-- mvnproject.Testinglf -->
    </test> <!-- Default test -->
  </suite> <!-- Default suite -->
</testng-results>
